<?xml version="1.0" encoding="UTF-8"?>
<testng-results ignored="0" total="3" passed="3" failed="0" skipped="0">
  <reporter-output>
  </reporter-output>
  <suite started-at="2024-01-20T13:46:49 IST" name="Gradle suite" finished-at="2024-01-20T13:47:23 IST" duration-ms="33707">
    <groups>
    </groups>
    <test started-at="2024-01-20T13:46:49 IST" name="Gradle test" finished-at="2024-01-20T13:47:23 IST" duration-ms="33707">
      <class name="qtriptest.tests.testCase_01">
        <test-method signature="TestCase01(java.lang.String,java.lang.String)[pri:0, instance:qtriptest.tests.testCase_01@32ee6fee]" started-at="2024-01-20T13:46:53 IST" name="TestCase01" data-provider="dpM" finished-at="2024-01-20T13:47:03 IST" duration-ms="9777" status="PASS">
          <params>
            <param index="0">
              <value>
                <![CDATA[testuser@gmail.com]]>
              </value>
            </param>
            <param index="1">
              <value>
                <![CDATA[abc@123]]>
              </value>
            </param>
          </params>
          <reporter-output>
          </reporter-output>
        </test-method> <!-- TestCase01 -->
        <test-method signature="TestCase01(java.lang.String,java.lang.String)[pri:0, instance:qtriptest.tests.testCase_01@32ee6fee]" started-at="2024-01-20T13:47:03 IST" name="TestCase01" data-provider="dpM" finished-at="2024-01-20T13:47:13 IST" duration-ms="9665" status="PASS">
          <params>
            <param index="0">
              <value>
                <![CDATA[TESTUSER@gmail.com]]>
              </value>
            </param>
            <param index="1">
              <value>
                <![CDATA[123456.0]]>
              </value>
            </param>
          </params>
          <reporter-output>
          </reporter-output>
        </test-method> <!-- TestCase01 -->
        <test-method signature="TestCase01(java.lang.String,java.lang.String)[pri:0, instance:qtriptest.tests.testCase_01@32ee6fee]" started-at="2024-01-20T13:47:13 IST" name="TestCase01" data-provider="dpM" finished-at="2024-01-20T13:47:23 IST" duration-ms="9898" status="PASS">
          <params>
            <param index="0">
              <value>
                <![CDATA[123_USER_low@gmail.com]]>
              </value>
            </param>
            <param index="1">
              <value>
                <![CDATA[QWERTY!!!!]]>
              </value>
            </param>
          </params>
          <reporter-output>
          </reporter-output>
        </test-method> <!-- TestCase01 -->
      </class> <!-- qtriptest.tests.testCase_01 -->
      <class name="qtriptest.tests.TestCases">
        <test-method is-config="true" signature="createDriver()[pri:0, instance:qtriptest.tests.TestCases@2c1b194a]" started-at="2024-01-20T13:46:49 IST" name="createDriver" finished-at="2024-01-20T13:46:52 IST" duration-ms="2698" status="PASS">
          <reporter-output>
          </reporter-output>
        </test-method> <!-- createDriver -->
        <test-method is-config="true" signature="quitDriver()[pri:0, instance:qtriptest.tests.TestCases@2c1b194a]" started-at="2024-01-20T13:47:23 IST" name="quitDriver" finished-at="2024-01-20T13:47:23 IST" duration-ms="73" status="PASS">
          <reporter-output>
          </reporter-output>
        </test-method> <!-- quitDriver -->
      </class> <!-- qtriptest.tests.TestCases -->
    </test> <!-- Gradle test -->
  </suite> <!-- Gradle suite -->
</testng-results>
